<?xml version="1.0" encoding="UTF-8"?>
<!-- Generated by org.testng.reporters.JUnitReportReporter -->
<testsuite skipped="0" hostname="DESKTOP-HC1J7FO" name="CRUDOperationWithBDD.DeleteTheProjectTest" tests="1" failures="0" timestamp="2022-08-08T17:30:19 IST" time="1.384" errors="0">
  <testcase name="deleteTheProjectTest" time="1.384" classname="CRUDOperationWithBDD.DeleteTheProjectTest"/>
  <system-out/>
</testsuite> <!-- CRUDOperationWithBDD.DeleteTheProjectTest -->
