<?xml version="1.0" encoding="UTF-8"?>
<!-- Generated by org.testng.reporters.JUnitReportReporter -->
<testsuite skipped="0" hostname="DESKTOP-HC1J7FO" name="ParameterTesting.PathParameter" tests="1" failures="0" timestamp="2022-08-10T12:05:36 IST" time="1.423" errors="0">
  <testcase name="pathParameterTest" time="1.423" classname="ParameterTesting.PathParameter"/>
  <system-out/>
</testsuite> <!-- ParameterTesting.PathParameter -->
