<?xml version="1.0" encoding="UTF-8"?>
<!-- Generated by org.testng.reporters.JUnitReportReporter -->
<testsuite skipped="0" hostname="DESKTOP-HC1J7FO" name="CRUDOperationWithBDD.GetAllTheProjectTest" tests="1" failures="0" timestamp="2022-08-09T17:33:15 IST" time="1.406" errors="0">
  <testcase name="getAllTheProjectTest" time="1.406" classname="CRUDOperationWithBDD.GetAllTheProjectTest"/>
  <system-out/>
</testsuite> <!-- CRUDOperationWithBDD.GetAllTheProjectTest -->
