<?xml version="1.0" encoding="UTF-8"?>
<!-- Generated by org.testng.reporters.JUnitReportReporter -->
<testsuite skipped="0" hostname="DESKTOP-HC1J7FO" name="EndToEndScenarios.CreateProjectVerifyInDataBase" tests="1" failures="0" timestamp="2022-08-11T11:19:46 IST" time="1.568" errors="0">
  <testcase name="createProjectVerifyInDB" time="1.568" classname="EndToEndScenarios.CreateProjectVerifyInDataBase"/>
  <system-out>
    <![CDATA[TY_PROJ_2408]]>
  </system-out>
</testsuite> <!-- EndToEndScenarios.CreateProjectVerifyInDataBase -->
