<?xml version="1.0" encoding="UTF-8"?>
<!-- Generated by org.testng.reporters.JUnitReportReporter -->
<testsuite skipped="0" hostname="DESKTOP-HC1J7FO" name="DifferentWaysToPOST.CreateProjectWithPOJO" tests="1" failures="0" timestamp="2022-08-09T13:25:47 IST" time="1.372" errors="0">
  <testcase name="createProjectWithPOJO" time="1.372" classname="DifferentWaysToPOST.CreateProjectWithPOJO"/>
  <system-out/>
</testsuite> <!-- DifferentWaysToPOST.CreateProjectWithPOJO -->
