<?xml version="1.0" encoding="UTF-8"?>
<!-- Generated by org.testng.reporters.JUnitReportReporter -->
<testsuite skipped="0" hostname="DESKTOP-HC1J7FO" name="RMG_Yantra.LoginRMGYantraWithAuthenticationTest" tests="1" failures="0" timestamp="2022-08-07T14:44:17 IST" time="1.419" errors="0">
  <testcase name="loginRMGYantraWithAuthenticationTest" time="1.419" classname="RMG_Yantra.LoginRMGYantraWithAuthenticationTest"/>
  <system-out/>
</testsuite> <!-- RMG_Yantra.LoginRMGYantraWithAuthenticationTest -->
