<?xml version="1.0" encoding="UTF-8"?>
<!-- Generated by org.testng.reporters.JUnitReportReporter -->
<testsuite skipped="0" hostname="DESKTOP-HC1J7FO" name="SerializationAndDeserialization.DeserilizationForEmployeeDetails" tests="1" failures="0" timestamp="2022-07-28T15:19:02 IST" time="0.112" errors="0">
  <testcase name="deserializeEmpDetailsTest" time="0.112" classname="SerializationAndDeserialization.DeserilizationForEmployeeDetails"/>
  <system-out/>
</testsuite> <!-- SerializationAndDeserialization.DeserilizationForEmployeeDetails -->
