<?xml version="1.0" encoding="UTF-8"?>
<!-- Generated by org.testng.reporters.JUnitReportReporter -->
<testsuite skipped="0" hostname="DESKTOP-HC1J7FO" name="ParameterTesting.QueryParameter" tests="1" failures="0" timestamp="2022-08-10T12:14:31 IST" time="2.058" errors="0">
  <testcase name="queryParameterTest" time="2.058" classname="ParameterTesting.QueryParameter"/>
  <system-out/>
</testsuite> <!-- ParameterTesting.QueryParameter -->
