<?xml version="1.0" encoding="UTF-8"?>
<!-- Generated by org.testng.reporters.JUnitReportReporter -->
<testsuite skipped="0" hostname="DESKTOP-HC1J7FO" name="DifferentWaysToPOST.CreateProjectWithFormParameter" tests="1" failures="0" timestamp="2022-08-09T14:58:24 IST" time="1.196" errors="0">
  <testcase name="createProjectWithFormParameter" time="1.196" classname="DifferentWaysToPOST.CreateProjectWithFormParameter"/>
  <system-out/>
</testsuite> <!-- DifferentWaysToPOST.CreateProjectWithFormParameter -->
