<?xml version="1.0" encoding="UTF-8"?>
<!-- Generated by org.testng.reporters.JUnitReportReporter -->
<testsuite skipped="0" hostname="DESKTOP-HC1J7FO" name="BasicCRUDoperations.UpdateProjectTest" tests="1" failures="0" timestamp="2022-08-07T14:13:53 IST" time="1.827" errors="0">
  <testcase name="updateProjectTest" time="1.827" classname="BasicCRUDoperations.UpdateProjectTest"/>
  <system-out/>
</testsuite> <!-- BasicCRUDoperations.UpdateProjectTest -->
