<?xml version="1.0" encoding="UTF-8"?>
<!-- Generated by org.testng.reporters.JUnitReportReporter -->
<testsuite skipped="0" hostname="DESKTOP-HC1J7FO" name="RMG_Yantra.CreateProjectwithTextFormateTest" tests="1" failures="0" timestamp="2022-08-08T10:50:22 IST" time="1.549" errors="0">
  <testcase name="createProjectwithTextFormateTest" time="1.549" classname="RMG_Yantra.CreateProjectwithTextFormateTest"/>
  <system-out/>
</testsuite> <!-- RMG_Yantra.CreateProjectwithTextFormateTest -->
