<?xml version="1.0" encoding="UTF-8"?>
<!-- Generated by org.testng.reporters.JUnitReportReporter -->
<testsuite skipped="0" hostname="DESKTOP-HC1J7FO" name="RMG_Yantra.CreateProjectWithExistingProjectIdTest" tests="1" failures="0" timestamp="2022-08-08T10:42:38 IST" time="1.451" errors="0">
  <testcase name="createProjectWithExistingProjectIdTest" time="1.451" classname="RMG_Yantra.CreateProjectWithExistingProjectIdTest"/>
  <system-out/>
</testsuite> <!-- RMG_Yantra.CreateProjectWithExistingProjectIdTest -->
