<?xml version="1.0" encoding="UTF-8"?>
<!-- Generated by org.testng.reporters.JUnitReportReporter -->
<testsuite skipped="0" hostname="DESKTOP-HC1J7FO" name="RequestChaining.Create_Update_GetAndDeleteProject" tests="1" failures="0" timestamp="2022-08-10T13:33:55 IST" time="2.089" errors="0">
  <testcase name="create_Update_GetAndDeleteProjectTest" time="2.089" classname="RequestChaining.Create_Update_GetAndDeleteProject"/>
  <system-out/>
</testsuite> <!-- RequestChaining.Create_Update_GetAndDeleteProject -->
