<?xml version="1.0" encoding="UTF-8"?>
<!-- Generated by org.testng.reporters.JUnitReportReporter -->
<testsuite skipped="0" hostname="DESKTOP-HC1J7FO" name="RMG_Yantra.CreateProjectWithHTMLFormateTest" tests="1" failures="0" timestamp="2022-08-08T11:45:06 IST" time="1.485" errors="0">
  <testcase name="createProjectWithHTMLFormateTest" time="1.485" classname="RMG_Yantra.CreateProjectWithHTMLFormateTest"/>
  <system-out/>
</testsuite> <!-- RMG_Yantra.CreateProjectWithHTMLFormateTest -->
