<?xml version="1.0" encoding="UTF-8"?>
<!-- Generated by org.testng.reporters.JUnitReportReporter -->
<testsuite skipped="0" hostname="DESKTOP-HC1J7FO" name="CRUDOperationWithBDD.CreateTheProjectTest" tests="1" failures="0" timestamp="2022-08-08T16:33:21 IST" time="1.534" errors="0">
  <testcase name="createTheProjectTest" time="1.534" classname="CRUDOperationWithBDD.CreateTheProjectTest"/>
  <system-out/>
</testsuite> <!-- CRUDOperationWithBDD.CreateTheProjectTest -->
