<?xml version="1.0" encoding="UTF-8"?>
<!-- Generated by org.testng.reporters.JUnitReportReporter -->
<testsuite skipped="0" hostname="DESKTOP-HC1J7FO" name="ResponseValidation.ResponseTimeValidation" tests="1" failures="0" timestamp="2022-08-09T17:48:27 IST" time="1.424" errors="0">
  <testcase name="respTimeVlidation" time="1.424" classname="ResponseValidation.ResponseTimeValidation"/>
  <system-out/>
</testsuite> <!-- ResponseValidation.ResponseTimeValidation -->
