<?xml version="1.0" encoding="UTF-8"?>
<!-- Generated by org.testng.reporters.JUnitReportReporter -->
<testsuite skipped="0" hostname="DESKTOP-HC1J7FO" name="DifferentWaysToPOST.CreateProjectWithHashMap" tests="1" failures="0" timestamp="2022-08-09T12:41:38 IST" time="1.372" errors="0">
  <testcase name="createProjectWithHashMap" time="1.372" classname="DifferentWaysToPOST.CreateProjectWithHashMap"/>
  <system-out/>
</testsuite> <!-- DifferentWaysToPOST.CreateProjectWithHashMap -->
