<?xml version="1.0" encoding="UTF-8"?>
<!-- Generated by org.testng.reporters.JUnitReportReporter -->
<testsuite skipped="0" hostname="DESKTOP-HC1J7FO" name="RMG_Yantra.CreateProjectwithJsonFileTest" tests="1" failures="0" timestamp="2022-08-08T12:23:18 IST" time="1.373" errors="0">
  <testcase name="createProjectwithJsonFileTest" time="1.373" classname="RMG_Yantra.CreateProjectwithJsonFileTest"/>
  <system-out/>
</testsuite> <!-- RMG_Yantra.CreateProjectwithJsonFileTest -->
