<?xml version="1.0" encoding="UTF-8"?>
<!-- Generated by org.testng.reporters.JUnitReportReporter -->
<testsuite skipped="0" hostname="DESKTOP-HC1J7FO" name="Authentication.Oauth2_0" tests="1" failures="0" timestamp="2022-08-10T16:21:55 IST" time="2.992" errors="0">
  <testcase name="oauth2_0" time="2.992" classname="Authentication.Oauth2_0"/>
  <system-out/>
</testsuite> <!-- Authentication.Oauth2_0 -->
