<?xml version="1.0" encoding="UTF-8"?>
<!-- Generated by org.testng.reporters.JUnitReportReporter -->
<testsuite skipped="0" hostname="DESKTOP-HC1J7FO" name="ResponseValidation.ResponseTimeValidationWithMatchers" tests="1" failures="0" timestamp="2022-08-09T17:57:16 IST" time="1.317" errors="0">
  <testcase name="responseTimeV" time="1.317" classname="ResponseValidation.ResponseTimeValidationWithMatchers"/>
  <system-out/>
</testsuite> <!-- ResponseValidation.ResponseTimeValidationWithMatchers -->
