<?xml version="1.0" encoding="UTF-8"?>
<!-- Generated by org.testng.reporters.JUnitReportReporter -->
<testsuite skipped="0" hostname="DESKTOP-HC1J7FO" name="SerializationAndDeserialization.SerializationForEmployeeDetailsWithArray" tests="1" failures="0" timestamp="2022-07-28T16:01:58 IST" time="0.124" errors="0">
  <testcase name="serailizeEmpDetailsWithArrayTest" time="0.124" classname="SerializationAndDeserialization.SerializationForEmployeeDetailsWithArray"/>
  <system-out/>
</testsuite> <!-- SerializationAndDeserialization.SerializationForEmployeeDetailsWithArray -->
