<?xml version="1.0" encoding="UTF-8"?>
<!-- Generated by org.testng.reporters.JUnitReportReporter -->
<testsuite skipped="0" hostname="DESKTOP-HC1J7FO" name="RMG_Yantra.LoginRMGYantraWithoutAuthenticationTest" tests="1" failures="0" timestamp="2022-08-07T14:43:51 IST" time="1.469" errors="0">
  <testcase name="loginRMGYantraWithoutAuthenticationTest" time="1.469" classname="RMG_Yantra.LoginRMGYantraWithoutAuthenticationTest"/>
  <system-out/>
</testsuite> <!-- RMG_Yantra.LoginRMGYantraWithoutAuthenticationTest -->
