<?xml version="1.0" encoding="UTF-8"?>
<!-- Generated by org.testng.reporters.JUnitReportReporter -->
<testsuite skipped="0" hostname="DESKTOP-HC1J7FO" name="RequestChaining.CreateProject_GetProjectAndDeleteProject" tests="1" failures="0" timestamp="2022-08-10T12:47:01 IST" time="2.250" errors="0">
  <testcase name="createGetAndDeleteProject" time="2.250" classname="RequestChaining.CreateProject_GetProjectAndDeleteProject"/>
  <system-out/>
</testsuite> <!-- RequestChaining.CreateProject_GetProjectAndDeleteProject -->
