<?xml version="1.0" encoding="UTF-8"?>
<!-- Generated by org.testng.reporters.JUnitReportReporter -->
<testsuite skipped="0" hostname="DESKTOP-HC1J7FO" name="RMG_Yantra.CreateTheProjectTest" tests="1" failures="0" timestamp="2022-08-08T10:33:46 IST" time="1.646" errors="0">
  <testcase name="createTheProjectTest" time="1.646" classname="RMG_Yantra.CreateTheProjectTest"/>
  <system-out/>
</testsuite> <!-- RMG_Yantra.CreateTheProjectTest -->
