<?xml version="1.0" encoding="UTF-8"?>
<!-- Generated by org.testng.reporters.JUnitReportReporter -->
<testsuite skipped="0" hostname="DESKTOP-HC1J7FO" name="SerializationAndDeserialization.SerailizationForEmployeeDetails" tests="1" failures="0" timestamp="2022-07-28T14:53:43 IST" time="0.171" errors="0">
  <testcase name="serailizeEmpDetailsTest" time="0.171" classname="SerializationAndDeserialization.SerailizationForEmployeeDetails"/>
  <system-out/>
</testsuite> <!-- SerializationAndDeserialization.SerailizationForEmployeeDetails -->
