<?xml version="1.0" encoding="UTF-8"?>
<!-- Generated by org.testng.reporters.JUnitReportReporter -->
<testsuite skipped="0" hostname="DESKTOP-HC1J7FO" name="BasicCRUDoperations.DeleteProjectTest" tests="1" failures="0" timestamp="2022-08-08T17:20:03 IST" time="1.268" errors="0">
  <testcase name="deleteProjectTest" time="1.268" classname="BasicCRUDoperations.DeleteProjectTest"/>
  <system-out/>
</testsuite> <!-- BasicCRUDoperations.DeleteProjectTest -->
