<?xml version="1.0" encoding="UTF-8"?>
<!-- Generated by org.testng.reporters.JUnitReportReporter -->
<testsuite skipped="0" hostname="DESKTOP-HC1J7FO" name="BasicCRUDoperations.CreateProjectTest" tests="1" failures="0" timestamp="2022-08-07T00:12:59 IST" time="1.515" errors="0">
  <testcase name="createProjectTest" time="1.515" classname="BasicCRUDoperations.CreateProjectTest"/>
  <system-out/>
</testsuite> <!-- BasicCRUDoperations.CreateProjectTest -->
