<?xml version="1.0" encoding="UTF-8"?>
<!-- Generated by org.testng.reporters.JUnitReportReporter -->
<testsuite skipped="0" hostname="DESKTOP-HC1J7FO" name="SerializationAndDeserialization.SerializationForEmployeeDetailsWithObject" tests="1" failures="0" timestamp="2022-07-28T18:04:29 IST" time="0.129" errors="0">
  <testcase name="serializeEmpDetailsWithObject" time="0.129" classname="SerializationAndDeserialization.SerializationForEmployeeDetailsWithObject"/>
  <system-out/>
</testsuite> <!-- SerializationAndDeserialization.SerializationForEmployeeDetailsWithObject -->
