<?xml version="1.0" encoding="UTF-8"?>
<!-- Generated by org.testng.reporters.JUnitReportReporter -->
<testsuite skipped="0" hostname="DESKTOP-HC1J7FO" name="Authentication.BearerTokenTest" tests="1" failures="0" timestamp="2022-08-10T15:25:01 IST" time="4.542" errors="0">
  <testcase name="bearerTokenTest" time="4.542" classname="Authentication.BearerTokenTest"/>
  <system-out/>
</testsuite> <!-- Authentication.BearerTokenTest -->
