<?xml version="1.0" encoding="UTF-8"?>
<!-- Generated by org.testng.reporters.JUnitReportReporter -->
<testsuite skipped="0" hostname="DESKTOP-HC1J7FO" name="RMG_Yantra.CreateProjectwithXMLFormateTest" tests="1" failures="0" timestamp="2022-08-08T11:30:18 IST" time="1.445" errors="0">
  <testcase name="createProjectwithXMLFormateTest" time="1.445" classname="RMG_Yantra.CreateProjectwithXMLFormateTest"/>
  <system-out/>
</testsuite> <!-- RMG_Yantra.CreateProjectwithXMLFormateTest -->
