<?xml version="1.0" encoding="UTF-8"?>
<!-- Generated by org.testng.reporters.JUnitReportReporter -->
<testsuite skipped="0" hostname="DESKTOP-HC1J7FO" name="CRUDOperationWithBDD.UpdateTheProjectTest" tests="1" failures="0" timestamp="2022-08-08T17:15:57 IST" time="1.551" errors="0">
  <testcase name="updateTheProjectTest" time="1.551" classname="CRUDOperationWithBDD.UpdateTheProjectTest"/>
  <system-out/>
</testsuite> <!-- CRUDOperationWithBDD.UpdateTheProjectTest -->
