<?xml version="1.0" encoding="UTF-8"?>
<!-- Generated by org.testng.reporters.JUnitReportReporter -->
<testsuite skipped="0" hostname="DESKTOP-HC1J7FO" name="RMG_Yantra.UpdateProjectByUsingPathParameterTest" tests="1" failures="0" timestamp="2022-08-08T15:50:38 IST" time="1.447" errors="0">
  <testcase name="updateProjectByUsingPathParameterTest" time="1.447" classname="RMG_Yantra.UpdateProjectByUsingPathParameterTest"/>
  <system-out/>
</testsuite> <!-- RMG_Yantra.UpdateProjectByUsingPathParameterTest -->
