<?xml version="1.0" encoding="UTF-8"?>
<!-- Generated by org.testng.reporters.JUnitReportReporter -->
<testsuite skipped="0" hostname="DESKTOP-HC1J7FO" name="SerializationAndDeserialization.DesirializationForEmployeeDetailsWithArray" tests="1" failures="0" timestamp="2022-07-28T16:10:49 IST" time="0.128" errors="0">
  <testcase name="DeserializeEmpDetailsWithArray" time="0.128" classname="SerializationAndDeserialization.DesirializationForEmployeeDetailsWithArray"/>
  <system-out/>
</testsuite> <!-- SerializationAndDeserialization.DesirializationForEmployeeDetailsWithArray -->
