<?xml version="1.0" encoding="UTF-8"?>
<!-- Generated by org.testng.reporters.JUnitReportReporter -->
<testsuite skipped="0" hostname="DESKTOP-HC1J7FO" name="BasicCRUDoperations.GetAllProjectsTest" tests="1" failures="0" timestamp="2022-08-06T23:44:11 IST" time="1.218" errors="0">
  <testcase name="getAllProjecTest" time="1.218" classname="BasicCRUDoperations.GetAllProjectsTest"/>
  <system-out/>
</testsuite> <!-- BasicCRUDoperations.GetAllProjectsTest -->
