<?xml version="1.0" encoding="UTF-8"?>
<!-- Generated by org.testng.reporters.JUnitReportReporter -->
<testsuite skipped="0" hostname="DESKTOP-HC1J7FO" name="ResponseValidation.DynamicResponseValidation" tests="1" failures="0" timestamp="2022-08-09T17:39:24 IST" time="1.797" errors="0">
  <testcase name="dynamicResponseV" time="1.797" classname="ResponseValidation.DynamicResponseValidation"/>
  <system-out/>
</testsuite> <!-- ResponseValidation.DynamicResponseValidation -->
