<?xml version="1.0" encoding="UTF-8"?>
<!-- Generated by org.testng.reporters.JUnitReportReporter -->
<testsuite skipped="0" hostname="DESKTOP-HC1J7FO" name="ResponseValidation.StaticResponseValidation" tests="1" failures="0" timestamp="2022-08-09T17:24:18 IST" time="1.871" errors="0">
  <testcase name="staticResponseV" time="1.871" classname="ResponseValidation.StaticResponseValidation"/>
  <system-out/>
</testsuite> <!-- ResponseValidation.StaticResponseValidation -->
