<?xml version="1.0" encoding="UTF-8"?>
<!-- Generated by org.testng.reporters.JUnitReportReporter -->
<testsuite skipped="0" hostname="DESKTOP-HC1J7FO" name="SerializationAndDeserialization.DeserializationForEmployeeDetailsWithObject" tests="1" failures="0" timestamp="2022-08-04T17:48:35 IST" time="0.180" errors="0">
  <testcase name="deserializeEmpDetailsWithObject" time="0.180" classname="SerializationAndDeserialization.DeserializationForEmployeeDetailsWithObject"/>
  <system-out/>
</testsuite> <!-- SerializationAndDeserialization.DeserializationForEmployeeDetailsWithObject -->
