<?xml version="1.0" encoding="UTF-8"?>
<!-- Generated by org.testng.reporters.JUnitReportReporter -->
<testsuite skipped="0" hostname="DESKTOP-HC1J7FO" name="DataDrivenTesting.CreateMultipleProjects" tests="3" failures="0" timestamp="2022-08-11T11:31:26 IST" time="1.390" errors="0">
  <testcase name="createMultipleProject" time="1.338" classname="DataDrivenTesting.CreateMultipleProjects"/>
  <system-out/>
  <testcase name="createMultipleProject" time="0.027" classname="DataDrivenTesting.CreateMultipleProjects"/>
  <system-out/>
  <testcase name="createMultipleProject" time="0.025" classname="DataDrivenTesting.CreateMultipleProjects"/>
  <system-out/>
</testsuite> <!-- DataDrivenTesting.CreateMultipleProjects -->
