<?xml version="1.0" encoding="UTF-8"?>
<!-- Generated by org.testng.reporters.JUnitReportReporter -->
<testsuite skipped="0" hostname="DESKTOP-HC1J7FO" name="DifferentWaysToPOST.CreateProjectWithJSONFile" tests="1" failures="0" timestamp="2022-08-09T12:55:37 IST" time="1.208" errors="0">
  <testcase name="createProjectWithJSONFile" time="1.208" classname="DifferentWaysToPOST.CreateProjectWithJSONFile"/>
  <system-out/>
</testsuite> <!-- DifferentWaysToPOST.CreateProjectWithJSONFile -->
