<?xml version="1.0" encoding="UTF-8"?>
<!-- Generated by org.testng.reporters.JUnitReportReporter -->
<testsuite skipped="0" hostname="DESKTOP-HC1J7FO" name="DifferentWaysToPOST.CreateProjectWithJSONObject" tests="1" failures="0" timestamp="2022-08-09T12:26:27 IST" time="1.768" errors="0">
  <testcase name="createProjectWithJSONObject" time="1.768" classname="DifferentWaysToPOST.CreateProjectWithJSONObject"/>
  <system-out/>
</testsuite> <!-- DifferentWaysToPOST.CreateProjectWithJSONObject -->
